<?xml version="1.0" encoding="UTF-8"?>
<!-- Generated by org.testng.reporters.JUnitXMLReporter -->
<testsuite ignored="0" hostname="del1-lhp-n82782" failures="1" tests="2" name="OpencartTest(failed)" time="10.64" errors="0" timestamp="2023-05-04T00:15:48 IST">
  <testcase classname="testCases.TC_001_AccountRegistrationTest" name="test_account_Registration" time="2.899">
    <failure type="java.lang.AssertionError" message="Account hasn&amp;apos;t been created expected [Your Account Has Been Created!+--] but found [Your Account Has Been Created!]">
      <![CDATA[java.lang.AssertionError: Account hasn't been created expected [Your Account Has Been Created!+--] but found [Your Account Has Been Created!]
at testCases.TC_001_AccountRegistrationTest.test_account_Registration(TC_001_AccountRegistrationTest.java:39)
at java.base/java.util.ArrayList.forEach(ArrayList.java:1511)
... Removed 32 stack frames]]>
    </failure>
  </testcase> <!-- test_account_Registration -->
  <testcase classname="testCases.TC_002_LoginTest" name="test_login" time="0.606"/>
</testsuite> <!-- OpencartTest(failed) -->
