<?xml version="1.0" encoding="UTF-8"?>
<!-- Generated by org.testng.reporters.JUnitXMLReporter -->
<testsuite ignored="0" hostname="del1-lhp-n82782" failures="0" tests="2" name="OpencartTest" time="12.997" errors="0" timestamp="2023-08-26T19:11:12 IST">
  <testcase classname="testCases.Register.TC_001_AccountRegistrationTest" name="test_account_Registration" time="3.12"/>
  <testcase classname="testCases.login.TC_002_LoginTest" name="test_login" time="0.865"/>
</testsuite> <!-- OpencartTest -->
